  Animation.cpp
  AnimationDefinition.cpp
  AnimationProcesor.cpp
  Animator.cpp
  KeyFrame.cpp
  Character.cpp
  BoxCollider2D.cpp
  CircleCollider2D.cpp
  Collider.cpp
  CollisionCallback.cpp
  CollisionEventBinder.cpp
  Castle.cpp
  Coin.cpp
  CoinCounter.cpp
  Ground.cpp
  CharacterInputHandler.cpp
  InputHandler.cpp
  InputProcessorModule.cpp
  UIInputHandler.cpp
  IEngineModule.cpp
  Trwa kompilowanie...
  PhysicalZenObject2D.cpp
  ZenPhysics2D.cpp
  Renderer.cpp
  BaseGameState.cpp
  StateMachine.cpp
  Timer.cpp
  Vector2.cpp
  CompoundWidget.cpp
  UIButton.cpp
  Widget.cpp
  WidgetCallback.cpp
  WidgetEventHandler.cpp
  AssetsManager.cpp
  Enemy.cpp
  Map.cpp
  TextureAsset.cpp
  World.cpp
  Zengine.cpp
  MovableObject.cpp
  ZenObject.cpp
  Trwa kompilowanie...
  ZenShape.cpp
  ZenText.cpp
  Zengine.vcxproj -> C:\Users\Admin\Documents\GitHub\Zengine\x64\Release\Zengine.lib
