c:\users\admin\documents\github\zengine\projectsfml\x64\release\vc142.pdb
c:\users\admin\documents\github\zengine\projectsfml\x64\release\gameplaystate.obj
c:\users\admin\documents\github\zengine\projectsfml\x64\release\basegamestate.obj
c:\users\admin\documents\github\zengine\projectsfml\x64\release\renderer.obj
c:\users\admin\documents\github\zengine\projectsfml\x64\release\zenphysics2d.obj
c:\users\admin\documents\github\zengine\projectsfml\x64\release\physicalzenobject2d.obj
c:\users\admin\documents\github\zengine\projectsfml\x64\release\ienginemodule.obj
c:\users\admin\documents\github\zengine\projectsfml\x64\release\uiinputhandler.obj
c:\users\admin\documents\github\zengine\projectsfml\x64\release\inputprocessormodule.obj
c:\users\admin\documents\github\zengine\projectsfml\x64\release\inputhandler.obj
c:\users\admin\documents\github\zengine\projectsfml\x64\release\characterinputhandler.obj
c:\users\admin\documents\github\zengine\projectsfml\x64\release\ground.obj
c:\users\admin\documents\github\zengine\projectsfml\x64\release\coincounter.obj
c:\users\admin\documents\github\zengine\projectsfml\x64\release\coin.obj
c:\users\admin\documents\github\zengine\projectsfml\x64\release\collisioneventbinder.obj
c:\users\admin\documents\github\zengine\projectsfml\x64\release\collisioncallback.obj
c:\users\admin\documents\github\zengine\projectsfml\x64\release\collider.obj
c:\users\admin\documents\github\zengine\projectsfml\x64\release\circlecollider2d.obj
c:\users\admin\documents\github\zengine\projectsfml\x64\release\boxcollider2d.obj
c:\users\admin\documents\github\zengine\projectsfml\x64\release\character.obj
c:\users\admin\documents\github\zengine\projectsfml\x64\release\main.obj
c:\users\admin\documents\github\zengine\projectsfml\x64\release\zenshape.obj
c:\users\admin\documents\github\zengine\projectsfml\x64\release\zenobject.obj
c:\users\admin\documents\github\zengine\projectsfml\x64\release\movableobject.obj
c:\users\admin\documents\github\zengine\projectsfml\x64\release\zengine.obj
c:\users\admin\documents\github\zengine\projectsfml\x64\release\world.obj
c:\users\admin\documents\github\zengine\projectsfml\x64\release\map.obj
c:\users\admin\documents\github\zengine\projectsfml\x64\release\textureasset.obj
c:\users\admin\documents\github\zengine\projectsfml\x64\release\assetsmanager.obj
c:\users\admin\documents\github\zengine\projectsfml\x64\release\widgeteventhandler.obj
c:\users\admin\documents\github\zengine\projectsfml\x64\release\widgetcollback.obj
c:\users\admin\documents\github\zengine\projectsfml\x64\release\widget.obj
c:\users\admin\documents\github\zengine\projectsfml\x64\release\uibutton.obj
c:\users\admin\documents\github\zengine\projectsfml\x64\release\compoundwidget.obj
c:\users\admin\documents\github\zengine\projectsfml\x64\release\mainmenupanel.obj
c:\users\admin\documents\github\zengine\projectsfml\x64\release\vector2.obj
c:\users\admin\documents\github\zengine\projectsfml\x64\release\timer.obj
c:\users\admin\documents\github\zengine\projectsfml\x64\release\waitingroomstate.obj
c:\users\admin\documents\github\zengine\projectsfml\x64\release\statemachine.obj
c:\users\admin\documents\github\zengine\projectsfml\x64\release\mainmenustate.obj
c:\users\admin\documents\github\zengine\projectsfml\x64\release\loadingstate.obj
c:\users\admin\documents\github\zengine\projectsfml\x64\release\zentext.obj
c:\users\admin\documents\github\zengine\x64\release\projectsfml.exe
c:\users\admin\documents\github\zengine\projectsfml\x64\release\projectsfml.iobj
c:\users\admin\documents\github\zengine\x64\release\projectsfml.pdb
c:\users\admin\documents\github\zengine\projectsfml\x64\release\projectsfml.ipdb
c:\users\admin\documents\github\zengine\projectsfml\x64\release\projectsfml.tlog\cl.command.1.tlog
c:\users\admin\documents\github\zengine\projectsfml\x64\release\projectsfml.tlog\cl.read.1.tlog
c:\users\admin\documents\github\zengine\projectsfml\x64\release\projectsfml.tlog\cl.write.1.tlog
c:\users\admin\documents\github\zengine\projectsfml\x64\release\projectsfml.tlog\link.command.1.tlog
c:\users\admin\documents\github\zengine\projectsfml\x64\release\projectsfml.tlog\link.read.1.tlog
c:\users\admin\documents\github\zengine\projectsfml\x64\release\projectsfml.tlog\link.write.1.tlog
