  main.cpp
  Character.cpp
  CharacterInputHandler.cpp
  InputHandler.cpp
  InputProcessorModule.cpp
  IEngineModule.cpp
  PhysicalZenObject2D.cpp
C:\Users\Admin\Documents\GitHub\Zengine\ProjectSFML\Zengine\Physics2D\PhysicalZenObject2D.cpp(6,37): warning C4305: "argument": obcięcie z "double" do "float"
C:\Users\Admin\Documents\GitHub\Zengine\ProjectSFML\Zengine\Physics2D\PhysicalZenObject2D.cpp(33,22): warning C4244: "=": konwersja z "double" do "float", możliwa utrata danych
  ZenPhysics2D.cpp
  Renderer.cpp
  Timer.cpp
C:\Users\Admin\Documents\GitHub\Zengine\ProjectSFML\Zengine\Structs\Timer.h(22,17): warning C4244: "=": konwersja z "__int64" do "int", możliwa utrata danych
  Vector2.cpp
  AssetsManager.cpp
  TextureAsset.cpp
  Map.cpp
  World.cpp
  Zengine.cpp
C:\Users\Admin\Documents\GitHub\Zengine\ProjectSFML\Zengine\Structs\Timer.h(22,17): warning C4244: "=": konwersja z "__int64" do "int", możliwa utrata danych
C:\Users\Admin\Documents\GitHub\Zengine\ProjectSFML\Zengine\Zengine.cpp(123,18): warning C4244: "=": konwersja z "__int64" do "int", możliwa utrata danych
C:\Users\Admin\Documents\GitHub\Zengine\ProjectSFML\Zengine\Zengine.cpp(132,13): warning C4244: "=": konwersja z "int" do "float", możliwa utrata danych
  MovableObject.cpp
  ZenObject.cpp
  ZenShape.cpp
  ZenText.cpp
  Trwa generowanie kodu
  Previous IPDB not found, fall back to full compilation.
  All 807 functions were compiled because no usable IPDB/IOBJ from previous compilation was found.
  Zakończono generowanie kodu
  ProjectSFML.vcxproj -> C:\Users\Admin\Documents\GitHub\Zengine\x64\Release\ProjectSFML.exe
