  Mario.cpp
  AppMarioGame.cpp
  Character.cpp
  Castle.cpp
  Coin.cpp
  CoinCounter.cpp
  Enemy.cpp
  Ground.cpp
  AuthorsState.cpp
  ControlsPanelState.cpp
  GameOverState.cpp
  MainMenuState.cpp
  WinState.cpp
  HeartsPanel.cpp
  MainMenuPanel.cpp
  UIScene.cpp
  Confiner.cpp
  Level1.cpp
  LevelManager.cpp
  MapLoader.cpp
  Trwa generowanie kodu
  0 of 4603 functions ( 0.0%) were compiled, the rest were copied from previous compilation.
    0 functions were new in current compilation
    0 functions had inline decision re-evaluated but remain unchanged
  Zakończono generowanie kodu
  Mario.vcxproj -> C:\Users\Admin\Documents\GitHub\Zengine\x64\Release\Mario.exe
