c:\users\admin\documents\github\zengine\mario\x64\release\vc142.pdb
c:\users\admin\documents\github\zengine\mario\x64\release\level1.obj
c:\users\admin\documents\github\zengine\mario\x64\release\confiner.obj
c:\users\admin\documents\github\zengine\mario\x64\release\mainmenupanel.obj
c:\users\admin\documents\github\zengine\mario\x64\release\heartspanel.obj
c:\users\admin\documents\github\zengine\mario\x64\release\winstate.obj
c:\users\admin\documents\github\zengine\mario\x64\release\waitingroomstate.obj
c:\users\admin\documents\github\zengine\mario\x64\release\mainmenustate.obj
c:\users\admin\documents\github\zengine\mario\x64\release\loadingstate.obj
c:\users\admin\documents\github\zengine\mario\x64\release\gameplaystate.obj
c:\users\admin\documents\github\zengine\mario\x64\release\gameoverstate.obj
c:\users\admin\documents\github\zengine\mario\x64\release\controlspanelstate.obj
c:\users\admin\documents\github\zengine\mario\x64\release\authorsstate.obj
c:\users\admin\documents\github\zengine\mario\x64\release\ground.obj
c:\users\admin\documents\github\zengine\mario\x64\release\enemy.obj
c:\users\admin\documents\github\zengine\mario\x64\release\coincounter.obj
c:\users\admin\documents\github\zengine\mario\x64\release\coin.obj
c:\users\admin\documents\github\zengine\mario\x64\release\castle.obj
c:\users\admin\documents\github\zengine\mario\x64\release\character.obj
c:\users\admin\documents\github\zengine\mario\x64\release\appmariogame.obj
c:\users\admin\documents\github\zengine\mario\x64\release\mario.obj
c:\users\admin\documents\github\zengine\mario\x64\release\levelmanager.obj
c:\users\admin\documents\github\zengine\mario\x64\release\uiscene.obj
c:\users\admin\documents\github\zengine\x64\release\mario.exe
c:\users\admin\documents\github\zengine\mario\x64\release\mario.ipdb
c:\users\admin\documents\github\zengine\mario\x64\release\mario.iobj
c:\users\admin\documents\github\zengine\x64\release\mario.pdb
c:\users\admin\documents\github\zengine\mario\x64\release\mario.res
c:\users\admin\documents\github\zengine\mario\x64\release\mario.tlog\cl.command.1.tlog
c:\users\admin\documents\github\zengine\mario\x64\release\mario.tlog\cl.read.1.tlog
c:\users\admin\documents\github\zengine\mario\x64\release\mario.tlog\cl.write.1.tlog
c:\users\admin\documents\github\zengine\mario\x64\release\mario.tlog\link.command.1.tlog
c:\users\admin\documents\github\zengine\mario\x64\release\mario.tlog\link.read.1.tlog
c:\users\admin\documents\github\zengine\mario\x64\release\mario.tlog\link.write.1.tlog
c:\users\admin\documents\github\zengine\mario\x64\release\mario.tlog\rc.command.1.tlog
c:\users\admin\documents\github\zengine\mario\x64\release\mario.tlog\rc.read.1.tlog
c:\users\admin\documents\github\zengine\mario\x64\release\mario.tlog\rc.write.1.tlog
